<?xml version="1.0" encoding="UTF-8"?>
<!-- Generated by org.testng.reporters.JUnitReportReporter -->
<testsuite hostname="DESKTOP-R05FGPA" failures="0" tests="1" name="test01_GET" time="1.878" errors="0" timestamp="2022-07-01T16:47:07 CDT" skipped="0">
  <testcase classname="test01_GET" name="test01_GET" time="1.878"/>
  <system-out/>
</testsuite> <!-- test01_GET -->
