<?xml version="1.0" encoding="UTF-8"?>
<!-- Generated by org.testng.reporters.JUnitReportReporter -->
<testsuite hostname="DESKTOP-R05FGPA" failures="0" tests="1" name="test02_GET" time="2.844" errors="0" timestamp="2022-07-01T16:46:59 CDT" skipped="0">
  <testcase classname="test02_GET" name="test02" time="2.844"/>
  <system-out/>
</testsuite> <!-- test02_GET -->
